warning: `VIRTUAL_ENV=/Users/haggit/PycharmProjects/marketplace/packages/mp/.venv` does not match the project environment path `.venv` and will be ignored; use `--active` to target the active environment instead
============================= test session starts ==============================
platform darwin -- Python 3.11.9, pytest-9.1.0, pluggy-1.6.0
rootdir: /Users/haggit/PycharmProjects/marketplace/content/response_integrations/batch4_jetski7/akamai_integration
configfile: pyproject.toml
plugins: anyio-4.14.0, mock-3.15.1, json-report-1.5.0, metadata-3.1.1
collected 39 items

tests/test_activate_client_list/test_activate_client_list.py ..          [  5%]
tests/test_activate_network_list/test_activate_network_list.py ..        [ 10%]
tests/test_add_items_to_client_list/test_add_items_to_client_list.py ..  [ 15%]
tests/test_add_items_to_network_list/test_add_items_to_network_list.py . [ 17%]
.                                                                        [ 20%]
tests/test_defaults/test_imports.py .                                    [ 23%]
tests/test_get_client_lists/test_get_client_lists.py ..                  [ 28%]
tests/test_get_network_lists/test_get_network_lists.py ..                [ 33%]
tests/test_manager.py ....................                               [ 84%]
tests/test_ping/test_ping.py ..                                          [ 89%]
tests/test_remove_items_from_client_list/test_remove_items_from_client_list.py . [ 92%]
.                                                                        [ 94%]
tests/test_remove_items_from_network_list/test_remove_items_from_network_list.py . [ 97%]
.                                                                        [100%]

======================== 39 passed, 1 warning in 0.18s =========================
