warning: `VIRTUAL_ENV=/Users/haggit/PycharmProjects/marketplace/packages/mp/.venv` does not match the project environment path `.venv` and will be ignored; use `--active` to target the active environment instead
============================= test session starts ==============================
platform darwin -- Python 3.11.9, pytest-9.1.0, pluggy-1.6.0
rootdir: /Users/haggit/PycharmProjects/marketplace/content/response_integrations/batch4_jetski7/mimecast
configfile: pyproject.toml
plugins: anyio-4.14.0, mock-3.15.1, json-report-1.5.0, metadata-3.1.1
collected 8 items / 1 error

==================================== ERRORS ====================================
_ ERROR collecting tests/test_create_a_block_sender_policy/test_create_a_block_sender_policy.py _
ImportError while importing test module '/Users/haggit/PycharmProjects/marketplace/content/response_integrations/batch4_jetski7/mimecast/tests/test_create_a_block_sender_policy/test_create_a_block_sender_policy.py'.
Hint: make sure your test modules/packages have valid Python names.
Traceback:
/Users/haggit/Library/Application Support/uv/python/cpython-3.11.9-macos-aarch64-none/lib/python3.11/importlib/__init__.py:126: in import_module
    return _bootstrap._gcd_import(name[level:], package, level)
           ^^^^^^^^^^^^^^^^^^^^^^^^^^^^^^^^^^^^^^^^^^^^^^^^^^^^
tests/test_create_a_block_sender_policy/test_create_a_block_sender_policy.py:24: in <module>
    from crowd_strike_falcon.tests.test_constants import COMMENT
E   ModuleNotFoundError: No module named 'crowd_strike_falcon'
=========================== short test summary info ============================
ERROR tests/test_create_a_block_sender_policy/test_create_a_block_sender_policy.py
!!!!!!!!!!!!!!!!!!!! Interrupted: 1 error during collection !!!!!!!!!!!!!!!!!!!!
========================= 1 warning, 1 error in 0.14s ==========================
