warning: `VIRTUAL_ENV=/Users/haggit/PycharmProjects/marketplace/packages/mp/.venv` does not match the project environment path `.venv` and will be ignored; use `--active` to target the active environment instead
============================= test session starts ==============================
platform darwin -- Python 3.11.9, pytest-9.1.0, pluggy-1.6.0
rootdir: /Users/haggit/PycharmProjects/marketplace/content/response_integrations/batch4_jetski7/web_risk
configfile: pyproject.toml
plugins: anyio-4.14.0, mock-3.15.1, json-report-1.5.0, metadata-3.1.1
collected 14 items

tests/test_defaults/test_imports.py E                                    [  7%]
tests/test_enrich_entities/test_enrich_entities.py EEEE                  [ 35%]
tests/test_ping.py EEE                                                   [ 57%]
tests/test_submit_entities/test_submit_entities.py EEEEEE                [100%]

==================================== ERRORS ====================================
________________________ ERROR at setup of test_imports ________________________

monkeypatch = <_pytest.monkeypatch.MonkeyPatch object at 0x10cd8ad10>
product = Product(_threat_types_map={})

    @pytest.fixture(autouse=True)
    def script_session(
        monkeypatch: pytest.MonkeyPatch,
        product: Product,
    ) -> ApiSession:
        """Mock Gcloud API session and get back an object to view request history"""
        session: ApiSession = ApiSession(product)
        if not use_live_api():
            monkeypatch.setattr(requests, "Session", lambda: session)
            monkeypatch.setattr(
                google.auth.transport.requests.AuthorizedSession,
                "__new__",
                lambda *args, **kwargs: session
            )
            monkeypatch.setattr(
>               web_risk.Managers.WebRiskAuthManager,
                ^^^^^^^^^^^^^^^^^
                "AuthorizedSession",
                lambda *args, **kwargs: session
            )
E           AttributeError: module 'web_risk' has no attribute 'Managers'

tests/conftest.py:86: AttributeError
________________ ERROR at setup of TestAuth.test_without_creds _________________

monkeypatch = <_pytest.monkeypatch.MonkeyPatch object at 0x10cf81fd0>
product = Product(_threat_types_map={})

    @pytest.fixture(autouse=True)
    def script_session(
        monkeypatch: pytest.MonkeyPatch,
        product: Product,
    ) -> ApiSession:
        """Mock Gcloud API session and get back an object to view request history"""
        session: ApiSession = ApiSession(product)
        if not use_live_api():
            monkeypatch.setattr(requests, "Session", lambda: session)
            monkeypatch.setattr(
                google.auth.transport.requests.AuthorizedSession,
                "__new__",
                lambda *args, **kwargs: session
            )
            monkeypatch.setattr(
>               web_risk.Managers.WebRiskAuthManager,
                ^^^^^^^^^^^^^^^^^
                "AuthorizedSession",
                lambda *args, **kwargs: session
            )
E           AttributeError: module 'web_risk' has no attribute 'Managers'

tests/conftest.py:86: AttributeError
________________ ERROR at setup of TestAuth.test_invalid_email _________________

monkeypatch = <_pytest.monkeypatch.MonkeyPatch object at 0x10cf6c790>
product = Product(_threat_types_map={})

    @pytest.fixture(autouse=True)
    def script_session(
        monkeypatch: pytest.MonkeyPatch,
        product: Product,
    ) -> ApiSession:
        """Mock Gcloud API session and get back an object to view request history"""
        session: ApiSession = ApiSession(product)
        if not use_live_api():
            monkeypatch.setattr(requests, "Session", lambda: session)
            monkeypatch.setattr(
                google.auth.transport.requests.AuthorizedSession,
                "__new__",
                lambda *args, **kwargs: session
            )
            monkeypatch.setattr(
>               web_risk.Managers.WebRiskAuthManager,
                ^^^^^^^^^^^^^^^^^
                "AuthorizedSession",
                lambda *args, **kwargs: session
            )
E           AttributeError: module 'web_risk' has no attribute 'Managers'

tests/conftest.py:86: AttributeError
______________ ERROR at setup of TestEnrichment.test_no_entities _______________

monkeypatch = <_pytest.monkeypatch.MonkeyPatch object at 0x10cf3f250>
product = Product(_threat_types_map={})

    @pytest.fixture(autouse=True)
    def script_session(
        monkeypatch: pytest.MonkeyPatch,
        product: Product,
    ) -> ApiSession:
        """Mock Gcloud API session and get back an object to view request history"""
        session: ApiSession = ApiSession(product)
        if not use_live_api():
            monkeypatch.setattr(requests, "Session", lambda: session)
            monkeypatch.setattr(
                google.auth.transport.requests.AuthorizedSession,
                "__new__",
                lambda *args, **kwargs: session
            )
            monkeypatch.setattr(
>               web_risk.Managers.WebRiskAuthManager,
                ^^^^^^^^^^^^^^^^^
                "AuthorizedSession",
                lambda *args, **kwargs: session
            )
E           AttributeError: module 'web_risk' has no attribute 'Managers'

tests/conftest.py:86: AttributeError
_____________ ERROR at setup of TestEnrichment.test_valid_invalid ______________

monkeypatch = <_pytest.monkeypatch.MonkeyPatch object at 0x10cf75910>
product = Product(_threat_types_map={})

    @pytest.fixture(autouse=True)
    def script_session(
        monkeypatch: pytest.MonkeyPatch,
        product: Product,
    ) -> ApiSession:
        """Mock Gcloud API session and get back an object to view request history"""
        session: ApiSession = ApiSession(product)
        if not use_live_api():
            monkeypatch.setattr(requests, "Session", lambda: session)
            monkeypatch.setattr(
                google.auth.transport.requests.AuthorizedSession,
                "__new__",
                lambda *args, **kwargs: session
            )
            monkeypatch.setattr(
>               web_risk.Managers.WebRiskAuthManager,
                ^^^^^^^^^^^^^^^^^
                "AuthorizedSession",
                lambda *args, **kwargs: session
            )
E           AttributeError: module 'web_risk' has no attribute 'Managers'

tests/conftest.py:86: AttributeError
___________________ ERROR at setup of TestPing.test_success ____________________

monkeypatch = <_pytest.monkeypatch.MonkeyPatch object at 0x10ce20410>
product = Product(_threat_types_map={})

    @pytest.fixture(autouse=True)
    def script_session(
        monkeypatch: pytest.MonkeyPatch,
        product: Product,
    ) -> ApiSession:
        """Mock Gcloud API session and get back an object to view request history"""
        session: ApiSession = ApiSession(product)
        if not use_live_api():
            monkeypatch.setattr(requests, "Session", lambda: session)
            monkeypatch.setattr(
                google.auth.transport.requests.AuthorizedSession,
                "__new__",
                lambda *args, **kwargs: session
            )
            monkeypatch.setattr(
>               web_risk.Managers.WebRiskAuthManager,
                ^^^^^^^^^^^^^^^^^
                "AuthorizedSession",
                lambda *args, **kwargs: session
            )
E           AttributeError: module 'web_risk' has no attribute 'Managers'

tests/conftest.py:86: AttributeError
________________ ERROR at setup of TestPing.test_without_creds _________________

monkeypatch = <_pytest.monkeypatch.MonkeyPatch object at 0x10bb6bb90>
product = Product(_threat_types_map={})

    @pytest.fixture(autouse=True)
    def script_session(
        monkeypatch: pytest.MonkeyPatch,
        product: Product,
    ) -> ApiSession:
        """Mock Gcloud API session and get back an object to view request history"""
        session: ApiSession = ApiSession(product)
        if not use_live_api():
            monkeypatch.setattr(requests, "Session", lambda: session)
            monkeypatch.setattr(
                google.auth.transport.requests.AuthorizedSession,
                "__new__",
                lambda *args, **kwargs: session
            )
            monkeypatch.setattr(
>               web_risk.Managers.WebRiskAuthManager,
                ^^^^^^^^^^^^^^^^^
                "AuthorizedSession",
                lambda *args, **kwargs: session
            )
E           AttributeError: module 'web_risk' has no attribute 'Managers'

tests/conftest.py:86: AttributeError
________________ ERROR at setup of TestPing.test_invalid_email _________________

monkeypatch = <_pytest.monkeypatch.MonkeyPatch object at 0x10b3f9e50>
product = Product(_threat_types_map={})

    @pytest.fixture(autouse=True)
    def script_session(
        monkeypatch: pytest.MonkeyPatch,
        product: Product,
    ) -> ApiSession:
        """Mock Gcloud API session and get back an object to view request history"""
        session: ApiSession = ApiSession(product)
        if not use_live_api():
            monkeypatch.setattr(requests, "Session", lambda: session)
            monkeypatch.setattr(
                google.auth.transport.requests.AuthorizedSession,
                "__new__",
                lambda *args, **kwargs: session
            )
            monkeypatch.setattr(
>               web_risk.Managers.WebRiskAuthManager,
                ^^^^^^^^^^^^^^^^^
                "AuthorizedSession",
                lambda *args, **kwargs: session
            )
E           AttributeError: module 'web_risk' has no attribute 'Managers'

tests/conftest.py:86: AttributeError
________________ ERROR at setup of TestAuth.test_without_creds _________________

monkeypatch = <_pytest.monkeypatch.MonkeyPatch object at 0x10be1bfd0>
product = Product(_threat_types_map={})

    @pytest.fixture(autouse=True)
    def script_session(
        monkeypatch: pytest.MonkeyPatch,
        product: Product,
    ) -> ApiSession:
        """Mock Gcloud API session and get back an object to view request history"""
        session: ApiSession = ApiSession(product)
        if not use_live_api():
            monkeypatch.setattr(requests, "Session", lambda: session)
            monkeypatch.setattr(
                google.auth.transport.requests.AuthorizedSession,
                "__new__",
                lambda *args, **kwargs: session
            )
            monkeypatch.setattr(
>               web_risk.Managers.WebRiskAuthManager,
                ^^^^^^^^^^^^^^^^^
                "AuthorizedSession",
                lambda *args, **kwargs: session
            )
E           AttributeError: module 'web_risk' has no attribute 'Managers'

tests/conftest.py:86: AttributeError
________________ ERROR at setup of TestAuth.test_invalid_email _________________

monkeypatch = <_pytest.monkeypatch.MonkeyPatch object at 0x10bc4a850>
product = Product(_threat_types_map={})

    @pytest.fixture(autouse=True)
    def script_session(
        monkeypatch: pytest.MonkeyPatch,
        product: Product,
    ) -> ApiSession:
        """Mock Gcloud API session and get back an object to view request history"""
        session: ApiSession = ApiSession(product)
        if not use_live_api():
            monkeypatch.setattr(requests, "Session", lambda: session)
            monkeypatch.setattr(
                google.auth.transport.requests.AuthorizedSession,
                "__new__",
                lambda *args, **kwargs: session
            )
            monkeypatch.setattr(
>               web_risk.Managers.WebRiskAuthManager,
                ^^^^^^^^^^^^^^^^^
                "AuthorizedSession",
                lambda *args, **kwargs: session
            )
E           AttributeError: module 'web_risk' has no attribute 'Managers'

tests/conftest.py:86: AttributeError
______________ ERROR at setup of TestEnrichment.test_no_entities _______________

monkeypatch = <_pytest.monkeypatch.MonkeyPatch object at 0x10cc33790>
product = Product(_threat_types_map={})

    @pytest.fixture(autouse=True)
    def script_session(
        monkeypatch: pytest.MonkeyPatch,
        product: Product,
    ) -> ApiSession:
        """Mock Gcloud API session and get back an object to view request history"""
        session: ApiSession = ApiSession(product)
        if not use_live_api():
            monkeypatch.setattr(requests, "Session", lambda: session)
            monkeypatch.setattr(
                google.auth.transport.requests.AuthorizedSession,
                "__new__",
                lambda *args, **kwargs: session
            )
            monkeypatch.setattr(
>               web_risk.Managers.WebRiskAuthManager,
                ^^^^^^^^^^^^^^^^^
                "AuthorizedSession",
                lambda *args, **kwargs: session
            )
E           AttributeError: module 'web_risk' has no attribute 'Managers'

tests/conftest.py:86: AttributeError
_____________ ERROR at setup of TestEnrichment.test_valid_invalid ______________

monkeypatch = <_pytest.monkeypatch.MonkeyPatch object at 0x10bc65010>
product = Product(_threat_types_map={})

    @pytest.fixture(autouse=True)
    def script_session(
        monkeypatch: pytest.MonkeyPatch,
        product: Product,
    ) -> ApiSession:
        """Mock Gcloud API session and get back an object to view request history"""
        session: ApiSession = ApiSession(product)
        if not use_live_api():
            monkeypatch.setattr(requests, "Session", lambda: session)
            monkeypatch.setattr(
                google.auth.transport.requests.AuthorizedSession,
                "__new__",
                lambda *args, **kwargs: session
            )
            monkeypatch.setattr(
>               web_risk.Managers.WebRiskAuthManager,
                ^^^^^^^^^^^^^^^^^
                "AuthorizedSession",
                lambda *args, **kwargs: session
            )
E           AttributeError: module 'web_risk' has no attribute 'Managers'

tests/conftest.py:86: AttributeError
_______________ ERROR at setup of TestEnrichment.test_second_run _______________

monkeypatch = <_pytest.monkeypatch.MonkeyPatch object at 0x10bad0d90>
product = Product(_threat_types_map={})

    @pytest.fixture(autouse=True)
    def script_session(
        monkeypatch: pytest.MonkeyPatch,
        product: Product,
    ) -> ApiSession:
        """Mock Gcloud API session and get back an object to view request history"""
        session: ApiSession = ApiSession(product)
        if not use_live_api():
            monkeypatch.setattr(requests, "Session", lambda: session)
            monkeypatch.setattr(
                google.auth.transport.requests.AuthorizedSession,
                "__new__",
                lambda *args, **kwargs: session
            )
            monkeypatch.setattr(
>               web_risk.Managers.WebRiskAuthManager,
                ^^^^^^^^^^^^^^^^^
                "AuthorizedSession",
                lambda *args, **kwargs: session
            )
E           AttributeError: module 'web_risk' has no attribute 'Managers'

tests/conftest.py:86: AttributeError
___________ ERROR at setup of TestEnrichment.test_second_run_timeout ___________

monkeypatch = <_pytest.monkeypatch.MonkeyPatch object at 0x10bb0e910>
product = Product(_threat_types_map={})

    @pytest.fixture(autouse=True)
    def script_session(
        monkeypatch: pytest.MonkeyPatch,
        product: Product,
    ) -> ApiSession:
        """Mock Gcloud API session and get back an object to view request history"""
        session: ApiSession = ApiSession(product)
        if not use_live_api():
            monkeypatch.setattr(requests, "Session", lambda: session)
            monkeypatch.setattr(
                google.auth.transport.requests.AuthorizedSession,
                "__new__",
                lambda *args, **kwargs: session
            )
            monkeypatch.setattr(
>               web_risk.Managers.WebRiskAuthManager,
                ^^^^^^^^^^^^^^^^^
                "AuthorizedSession",
                lambda *args, **kwargs: session
            )
E           AttributeError: module 'web_risk' has no attribute 'Managers'

tests/conftest.py:86: AttributeError
=========================== short test summary info ============================
ERROR tests/test_defaults/test_imports.py::test_imports - AttributeError: mod...
ERROR tests/test_enrich_entities/test_enrich_entities.py::TestAuth::test_without_creds
ERROR tests/test_enrich_entities/test_enrich_entities.py::TestAuth::test_invalid_email
ERROR tests/test_enrich_entities/test_enrich_entities.py::TestEnrichment::test_no_entities
ERROR tests/test_enrich_entities/test_enrich_entities.py::TestEnrichment::test_valid_invalid
ERROR tests/test_ping.py::TestPing::test_success - AttributeError: module 'we...
ERROR tests/test_ping.py::TestPing::test_without_creds - AttributeError: modu...
ERROR tests/test_ping.py::TestPing::test_invalid_email - AttributeError: modu...
ERROR tests/test_submit_entities/test_submit_entities.py::TestAuth::test_without_creds
ERROR tests/test_submit_entities/test_submit_entities.py::TestAuth::test_invalid_email
ERROR tests/test_submit_entities/test_submit_entities.py::TestEnrichment::test_no_entities
ERROR tests/test_submit_entities/test_submit_entities.py::TestEnrichment::test_valid_invalid
ERROR tests/test_submit_entities/test_submit_entities.py::TestEnrichment::test_second_run
ERROR tests/test_submit_entities/test_submit_entities.py::TestEnrichment::test_second_run_timeout
============================== 14 errors in 0.15s ==============================
