warning: `VIRTUAL_ENV=/Users/haggit/PycharmProjects/marketplace/packages/mp/.venv` does not match the project environment path `.venv` and will be ignored; use `--active` to target the active environment instead
============================= test session starts ==============================
platform darwin -- Python 3.11.9, pytest-9.1.0, pluggy-1.6.0
rootdir: /Users/haggit/PycharmProjects/marketplace/content/response_integrations/batch4_jetski7/palo_alto_cortex_xdr
configfile: pyproject.toml
plugins: anyio-4.14.0, mock-3.15.1, json-report-1.5.0, metadata-3.1.1
collected 16 items

tests/test_actions/test_add_comment_to_incident.py ..                    [ 12%]
tests/test_actions/test_execute_xql_search.py .                          [ 18%]
tests/test_actions/test_get_incident_details.py ..                       [ 31%]
tests/test_actions/test_scan_endpoint.py ..                              [ 43%]
tests/test_actions/test_sync_incidents.py ..                             [ 56%]
tests/test_actions/test_xdr_connector.py ..                              [ 68%]
tests/test_defaults/test_imports.py .                                    [ 75%]
tests/test_manager.py ....                                               [100%]

======================== 16 passed, 1 warning in 0.15s =========================
