warning: `VIRTUAL_ENV=/Users/haggit/PycharmProjects/marketplace/packages/mp/.venv` does not match the project environment path `.venv` and will be ignored; use `--active` to target the active environment instead
============================= test session starts ==============================
platform darwin -- Python 3.11.9, pytest-9.1.0, pluggy-1.6.0
rootdir: /Users/haggit/PycharmProjects/marketplace/content/response_integrations/batch4_jetski7/cisco_vulnerability_management
configfile: pyproject.toml
plugins: anyio-4.14.0, mock-3.15.1, json-report-1.5.0, metadata-3.1.1
collected 27 items

tests/test_defaults/test_imports.py .                                    [  3%]
tests/test_enrich_entities/test_enrich_entities.py F.                    [ 11%]
tests/test_list_asset_vulnerabilities/test_list_asset_vulnerabilities.py . [ 14%]
.                                                                        [ 18%]
tests/test_manager.py ................                                   [ 77%]
tests/test_ping/test_ping.py ..                                          [ 85%]
tests/test_request_data_export/test_request_data_export.py F.            [ 92%]
tests/test_update_asset/test_update_asset.py ..                          [100%]

=================================== FAILURES ===================================
_________________________ test_enrich_entities_success _________________________

cisco_vulnerability_management = CiscoVulnerabilityManagement()
script_session = <cisco_vulnerability_management.tests.core.session.CiscoVulnerabilityManagementSession object at 0x10cf1b550>
action_output = MockActionOutput(_out=<_io.StringIO object at 0x10c2b1000>, _err=<_io.StringIO object at 0x10c2b2200>)

    @set_metadata(
        parameters={
            "External ID": ASSET.asset_id,
        },
        integration_config_file_path=CONFIG_PATH,
    )
    def test_enrich_entities_success(
        cisco_vulnerability_management: CiscoVulnerabilityManagement,
        script_session: CiscoVulnerabilityManagementSession,
        action_output: MockActionOutput,
    ) -> None:
        cisco_vulnerability_management.add_asset(ASSET)
        cisco_vulnerability_management.add_vulnerability(VULNERABILITY)
    
        EnrichEntities().run()
    
>       assert len(script_session.request_history) == 2
E       AssertionError: assert 4 == 2
E        +  where 4 = len([HistoryRecord(request=MockRequest(method=<HttpMethod.GET: 'GET'>, url=ParseResult(scheme='https', netloc='api.example...n'}, args=(), kwargs={'json': []}), response=MockResponse(status_code=200, content=b'{}', encoding=UTF-8, headers={}))])
E        +    where [HistoryRecord(request=MockRequest(method=<HttpMethod.GET: 'GET'>, url=ParseResult(scheme='https', netloc='api.example...n'}, args=(), kwargs={'json': []}), response=MockResponse(status_code=200, content=b'{}', encoding=UTF-8, headers={}))] = <cisco_vulnerability_management.tests.core.session.CiscoVulnerabilityManagementSession object at 0x10cf1b550>.request_history

tests/test_enrich_entities/test_enrich_entities.py:66: AssertionError
----------------------------- Captured stderr call -----------------------------
[2m[2026-06-17 15:41:57,637 | INFO]: ==================== Starting Action - CiscoVulnerabilityManagement - Enrich Entities - Execution ====================
[0m
[2m[2026-06-17 15:41:57,637 | INFO]: -------------------- Main - Param Init --------------------
[0m
[2m[2026-06-17 15:41:57,637 | INFO]: External ID: 995[0m
[2m[2026-06-17 15:41:57,637 | INFO]: -------------------- Main - Started --------------------
[0m
[2m[2026-06-17 15:41:57,637 | INFO]: API Root: https://api.example.com[0m
[2m[2026-06-17 15:41:57,637 | INFO]: Verify SSL: True[0m
[2m[2026-06-17 15:41:57,637 | INFO]: Validating input parameters
[0m
[2m[2026-06-17 15:41:57,637 | INFO]: No supported entity types detected for this action
[0m
[2m[2026-06-17 15:41:57,637 | INFO]: Starting to perform the action
[0m
[2m[2026-06-17 15:41:57,637 | INFO]: Processing entities: 995
[0m
[2m[2026-06-17 15:41:57,638 | INFO]: 
Finished performing the action
[0m
[2m[2026-06-17 15:41:57,638 | INFO]: Sending script result items
[0m
[2m[2026-06-17 15:41:57,638 | INFO]: Starting action success finalizing steps
[0m
[2m[2026-06-17 15:41:57,638 | INFO]: -------------------- Main - Finished --------------------
[0m
[2m[2026-06-17 15:41:57,638 | INFO]: Starting action end phase
[0m
[2m[2026-06-17 15:41:57,638 | INFO]: Result Value: True
[0m
[2m[2026-06-17 15:41:57,638 | INFO]: Output Message: Successfully enriched the following entities in Cisco Vulnerability Management: 995.
[0m
[2m[2026-06-17 15:41:57,638 | INFO]: Execution State: ExecutionState.COMPLETED - Completed
[0m
------------------------------ Captured log call -------------------------------
INFO     integration_testing.logger:logger.py:42 ==================== Starting Action - CiscoVulnerabilityManagement - Enrich Entities - Execution ====================

INFO     integration_testing.logger:logger.py:42 -------------------- Main - Param Init --------------------

INFO     integration_testing.logger:logger.py:42 External ID: 995
INFO     integration_testing.logger:logger.py:42 -------------------- Main - Started --------------------

INFO     integration_testing.logger:logger.py:42 API Root: https://api.example.com
INFO     integration_testing.logger:logger.py:42 Verify SSL: True
INFO     integration_testing.logger:logger.py:42 Validating input parameters

INFO     integration_testing.logger:logger.py:42 No supported entity types detected for this action

INFO     integration_testing.logger:logger.py:42 Starting to perform the action

INFO     integration_testing.logger:logger.py:42 Processing entities: 995

INFO     integration_testing.logger:logger.py:42 
Finished performing the action

INFO     integration_testing.logger:logger.py:42 Sending script result items

INFO     integration_testing.logger:logger.py:42 Starting action success finalizing steps

INFO     integration_testing.logger:logger.py:42 -------------------- Main - Finished --------------------

INFO     integration_testing.logger:logger.py:42 Starting action end phase

INFO     integration_testing.logger:logger.py:42 Result Value: True

INFO     integration_testing.logger:logger.py:42 Output Message: Successfully enriched the following entities in Cisco Vulnerability Management: 995.

INFO     integration_testing.logger:logger.py:42 Execution State: ExecutionState.COMPLETED - Completed
_______________________ test_request_data_export_success _______________________

cisco_vulnerability_management = CiscoVulnerabilityManagement()
script_session = <cisco_vulnerability_management.tests.core.session.CiscoVulnerabilityManagementSession object at 0x10cee4e90>
action_output = MockActionOutput(_out=<_io.StringIO object at 0x10c2b2cb0>, _err=<_io.StringIO object at 0x10c2b3010>)
mocker = <pytest_mock.plugin.MockerFixture object at 0x10ceff490>

    @set_metadata(
        parameters={
            "Export Model": "Asset",
            "Export Format": "Json",
        },
        integration_config_file_path=common.CONFIG_PATH,
        input_context={
            "execution_deadline_unix_time_ms": int(
                SCRIPT_DEADLINE_TIME.timestamp() * NUM_OF_MILLI_IN_SEC
            )
        },
    )
    def test_request_data_export_success(
        cisco_vulnerability_management: CiscoVulnerabilityManagement,
        script_session: CiscoVulnerabilityManagementSession,
        action_output: MockActionOutput,
        mocker,
    ) -> None:
        json_bytes = json.dumps(common.EXPORT_DATA_JSON).encode()
        mocker.patch("gzip.decompress", return_value=json_bytes)
        cisco_vulnerability_management.add_data_export(common.DATA_EXPORT)
        cisco_vulnerability_management.add_data_export_status(
            common.DATA_EXPORT.search_id, common.DATA_EXPORT_STATUS
        )
    
        siemplify: SiemplifyAction = SiemplifyAction()
    
        RequestDataExport(siemplify).run()
    
>       assert len(script_session.request_history) == 3
E       assert 4 == 3
E        +  where 4 = len([HistoryRecord(request=MockRequest(method=<HttpMethod.POST: 'POST'>, url=ParseResult(scheme='https', netloc='api.examp..., response=MockResponse(status_code=200, content=b'{"status": "ok", "items": [1, 2, 3]}', encoding=UTF-8, headers={}))])
E        +    where [HistoryRecord(request=MockRequest(method=<HttpMethod.POST: 'POST'>, url=ParseResult(scheme='https', netloc='api.examp..., response=MockResponse(status_code=200, content=b'{"status": "ok", "items": [1, 2, 3]}', encoding=UTF-8, headers={}))] = <cisco_vulnerability_management.tests.core.session.CiscoVulnerabilityManagementSession object at 0x10cee4e90>.request_history

tests/test_request_data_export/test_request_data_export.py:74: AssertionError
----------------------------- Captured stderr call -----------------------------
[2m[2026-06-17 15:41:57,699 | INFO]: -------------------------------Main - Param Init--------------------------------[0m
[2m[2026-06-17 15:41:57,699 | INFO]: API Root: https://api.example.com[0m
[2m[2026-06-17 15:41:57,699 | INFO]: Verify SSL: True[0m
[2m[2026-06-17 15:41:57,699 | INFO]: Export Format: Json[0m
[2m[2026-06-17 15:41:57,699 | INFO]: Export Model: Asset[0m
[2m[2026-06-17 15:41:57,699 | INFO]: Parameter Export Fields was not found or was empty, used default_value None instead[0m
[2m[2026-06-17 15:41:57,699 | INFO]: Parameter Query Filter was not found or was empty, used default_value None instead[0m
[2m[2026-06-17 15:41:57,699 | INFO]: Parameter additional_data was not found or was empty, used default_value {} instead[0m
[2m[2026-06-17 15:41:57,699 | INFO]: ---------------------------------Main - Started---------------------------------[0m
[2m[2026-06-17 15:41:57,699 | INFO]: [][0m
[2m[2026-06-17 15:41:57,699 | INFO]: --------------------------------Main - Finished---------------------------------[0m
[2m[2026-06-17 15:41:57,699 | INFO]: 
  status: 0
  result_value: True
  output_message: Successfully performed data export in Cisco Vulnerability Management.[0m
------------------------------ Captured log call -------------------------------
INFO     integration_testing.logger:logger.py:42 -------------------------------Main - Param Init--------------------------------
INFO     integration_testing.logger:logger.py:42 API Root: https://api.example.com
INFO     integration_testing.logger:logger.py:42 Verify SSL: True
INFO     integration_testing.logger:logger.py:42 Export Format: Json
INFO     integration_testing.logger:logger.py:42 Export Model: Asset
INFO     integration_testing.logger:logger.py:42 Parameter Export Fields was not found or was empty, used default_value None instead
INFO     integration_testing.logger:logger.py:42 Parameter Query Filter was not found or was empty, used default_value None instead
INFO     integration_testing.logger:logger.py:42 Parameter additional_data was not found or was empty, used default_value {} instead
INFO     integration_testing.logger:logger.py:42 ---------------------------------Main - Started---------------------------------
INFO     integration_testing.logger:logger.py:42 []
INFO     integration_testing.logger:logger.py:42 --------------------------------Main - Finished---------------------------------
INFO     integration_testing.logger:logger.py:42 
  status: 0
  result_value: True
  output_message: Successfully performed data export in Cisco Vulnerability Management.
=========================== short test summary info ============================
FAILED tests/test_enrich_entities/test_enrich_entities.py::test_enrich_entities_success
FAILED tests/test_request_data_export/test_request_data_export.py::test_request_data_export_success
=================== 2 failed, 25 passed, 1 warning in 0.14s ====================
