warning: `VIRTUAL_ENV=/Users/haggit/PycharmProjects/marketplace/packages/mp/.venv` does not match the project environment path `.venv` and will be ignored; use `--active` to target the active environment instead
============================= test session starts ==============================
platform darwin -- Python 3.11.9, pytest-9.1.0, pluggy-1.6.0
rootdir: /Users/haggit/PycharmProjects/marketplace/content/response_integrations/batch4_jetski7/pub_sub
configfile: pyproject.toml
plugins: anyio-4.14.0, mock-3.15.1, json-report-1.5.0, metadata-3.1.1
collected 8 items

tests/test_defaults/test_imports.py E                                    [ 12%]
tests/test_ping.py EEE                                                   [ 50%]
tests/test_pubsub_connector.py EEEE                                      [100%]

==================================== ERRORS ====================================
________________________ ERROR at setup of test_imports ________________________

monkeypatch = <_pytest.monkeypatch.MonkeyPatch object at 0x10cc2a8d0>
pub_sub = Product(messages={})

    @pytest.fixture(autouse=True)
    def gcloud_pubsub_script_session(
            monkeypatch: pytest.MonkeyPatch,
            pub_sub: Product,
    ) -> ApiSession:
        """Mock Gcloud Pub/Sub session to view request history."""
        session: ApiSession = ApiSession(pub_sub)
        def __get_client_session(*_, **kwargs) -> ApiSession:
            if "credentials" in kwargs:
                session.credentials = kwargs["credentials"]
            return session
    
        if not use_live_api():
            monkeypatch.setattr(requests, "Session", lambda: session)
            monkeypatch.setattr(
                google.auth.transport.requests.AuthorizedSession,
                "__new__",
                __get_client_session
            )
            monkeypatch.setattr(
>               pub_sub.Managers.PubSubAuthManager,
                ^^^^^^^^^^^^^^^^
                "AuthorizedSession",
                __get_client_session
            )
E           AttributeError: 'Product' object has no attribute 'Managers'

tests/conftest.py:77: AttributeError
___________________ ERROR at setup of TestPing.test_success ____________________

monkeypatch = <_pytest.monkeypatch.MonkeyPatch object at 0x10ccd6a90>
pub_sub = Product(messages={})

    @pytest.fixture(autouse=True)
    def gcloud_pubsub_script_session(
            monkeypatch: pytest.MonkeyPatch,
            pub_sub: Product,
    ) -> ApiSession:
        """Mock Gcloud Pub/Sub session to view request history."""
        session: ApiSession = ApiSession(pub_sub)
        def __get_client_session(*_, **kwargs) -> ApiSession:
            if "credentials" in kwargs:
                session.credentials = kwargs["credentials"]
            return session
    
        if not use_live_api():
            monkeypatch.setattr(requests, "Session", lambda: session)
            monkeypatch.setattr(
                google.auth.transport.requests.AuthorizedSession,
                "__new__",
                __get_client_session
            )
            monkeypatch.setattr(
>               pub_sub.Managers.PubSubAuthManager,
                ^^^^^^^^^^^^^^^^
                "AuthorizedSession",
                __get_client_session
            )
E           AttributeError: 'Product' object has no attribute 'Managers'

tests/conftest.py:77: AttributeError
________________ ERROR at setup of TestPing.test_without_creds _________________

monkeypatch = <_pytest.monkeypatch.MonkeyPatch object at 0x10ccd4410>
pub_sub = Product(messages={})

    @pytest.fixture(autouse=True)
    def gcloud_pubsub_script_session(
            monkeypatch: pytest.MonkeyPatch,
            pub_sub: Product,
    ) -> ApiSession:
        """Mock Gcloud Pub/Sub session to view request history."""
        session: ApiSession = ApiSession(pub_sub)
        def __get_client_session(*_, **kwargs) -> ApiSession:
            if "credentials" in kwargs:
                session.credentials = kwargs["credentials"]
            return session
    
        if not use_live_api():
            monkeypatch.setattr(requests, "Session", lambda: session)
            monkeypatch.setattr(
                google.auth.transport.requests.AuthorizedSession,
                "__new__",
                __get_client_session
            )
            monkeypatch.setattr(
>               pub_sub.Managers.PubSubAuthManager,
                ^^^^^^^^^^^^^^^^
                "AuthorizedSession",
                __get_client_session
            )
E           AttributeError: 'Product' object has no attribute 'Managers'

tests/conftest.py:77: AttributeError
________________ ERROR at setup of TestPing.test_invalid_email _________________

monkeypatch = <_pytest.monkeypatch.MonkeyPatch object at 0x10bdb0350>
pub_sub = Product(messages={})

    @pytest.fixture(autouse=True)
    def gcloud_pubsub_script_session(
            monkeypatch: pytest.MonkeyPatch,
            pub_sub: Product,
    ) -> ApiSession:
        """Mock Gcloud Pub/Sub session to view request history."""
        session: ApiSession = ApiSession(pub_sub)
        def __get_client_session(*_, **kwargs) -> ApiSession:
            if "credentials" in kwargs:
                session.credentials = kwargs["credentials"]
            return session
    
        if not use_live_api():
            monkeypatch.setattr(requests, "Session", lambda: session)
            monkeypatch.setattr(
                google.auth.transport.requests.AuthorizedSession,
                "__new__",
                __get_client_session
            )
            monkeypatch.setattr(
>               pub_sub.Managers.PubSubAuthManager,
                ^^^^^^^^^^^^^^^^
                "AuthorizedSession",
                __get_client_session
            )
E           AttributeError: 'Product' object has no attribute 'Managers'

tests/conftest.py:77: AttributeError
______ ERROR at setup of TestTestRun.test_connector_test_run_no_messages _______

monkeypatch = <_pytest.monkeypatch.MonkeyPatch object at 0x10bdb23d0>
pub_sub = Product(messages={})

    @pytest.fixture(autouse=True)
    def gcloud_pubsub_script_session(
            monkeypatch: pytest.MonkeyPatch,
            pub_sub: Product,
    ) -> ApiSession:
        """Mock Gcloud Pub/Sub session to view request history."""
        session: ApiSession = ApiSession(pub_sub)
        def __get_client_session(*_, **kwargs) -> ApiSession:
            if "credentials" in kwargs:
                session.credentials = kwargs["credentials"]
            return session
    
        if not use_live_api():
            monkeypatch.setattr(requests, "Session", lambda: session)
            monkeypatch.setattr(
                google.auth.transport.requests.AuthorizedSession,
                "__new__",
                __get_client_session
            )
            monkeypatch.setattr(
>               pub_sub.Managers.PubSubAuthManager,
                ^^^^^^^^^^^^^^^^
                "AuthorizedSession",
                __get_client_session
            )
E           AttributeError: 'Product' object has no attribute 'Managers'

tests/conftest.py:77: AttributeError
_ ERROR at setup of TestConnectorExternalContext.test_connector_test_run_with_messages_no_context _

monkeypatch = <_pytest.monkeypatch.MonkeyPatch object at 0x10ccd7290>
pub_sub = Product(messages={})

    @pytest.fixture(autouse=True)
    def gcloud_pubsub_script_session(
            monkeypatch: pytest.MonkeyPatch,
            pub_sub: Product,
    ) -> ApiSession:
        """Mock Gcloud Pub/Sub session to view request history."""
        session: ApiSession = ApiSession(pub_sub)
        def __get_client_session(*_, **kwargs) -> ApiSession:
            if "credentials" in kwargs:
                session.credentials = kwargs["credentials"]
            return session
    
        if not use_live_api():
            monkeypatch.setattr(requests, "Session", lambda: session)
            monkeypatch.setattr(
                google.auth.transport.requests.AuthorizedSession,
                "__new__",
                __get_client_session
            )
            monkeypatch.setattr(
>               pub_sub.Managers.PubSubAuthManager,
                ^^^^^^^^^^^^^^^^
                "AuthorizedSession",
                __get_client_session
            )
E           AttributeError: 'Product' object has no attribute 'Managers'

tests/conftest.py:77: AttributeError
_ ERROR at setup of TestConnectorExternalContext.test_connector_run_with_messages_ids _

monkeypatch = <_pytest.monkeypatch.MonkeyPatch object at 0x10ccd6210>
pub_sub = Product(messages={})

    @pytest.fixture(autouse=True)
    def gcloud_pubsub_script_session(
            monkeypatch: pytest.MonkeyPatch,
            pub_sub: Product,
    ) -> ApiSession:
        """Mock Gcloud Pub/Sub session to view request history."""
        session: ApiSession = ApiSession(pub_sub)
        def __get_client_session(*_, **kwargs) -> ApiSession:
            if "credentials" in kwargs:
                session.credentials = kwargs["credentials"]
            return session
    
        if not use_live_api():
            monkeypatch.setattr(requests, "Session", lambda: session)
            monkeypatch.setattr(
                google.auth.transport.requests.AuthorizedSession,
                "__new__",
                __get_client_session
            )
            monkeypatch.setattr(
>               pub_sub.Managers.PubSubAuthManager,
                ^^^^^^^^^^^^^^^^
                "AuthorizedSession",
                __get_client_session
            )
E           AttributeError: 'Product' object has no attribute 'Managers'

tests/conftest.py:77: AttributeError
_ ERROR at setup of TestConnectorExternalContext.test_connector_run_with_messages_ids_and_non_json _

monkeypatch = <_pytest.monkeypatch.MonkeyPatch object at 0x10cc64950>
pub_sub = Product(messages={})

    @pytest.fixture(autouse=True)
    def gcloud_pubsub_script_session(
            monkeypatch: pytest.MonkeyPatch,
            pub_sub: Product,
    ) -> ApiSession:
        """Mock Gcloud Pub/Sub session to view request history."""
        session: ApiSession = ApiSession(pub_sub)
        def __get_client_session(*_, **kwargs) -> ApiSession:
            if "credentials" in kwargs:
                session.credentials = kwargs["credentials"]
            return session
    
        if not use_live_api():
            monkeypatch.setattr(requests, "Session", lambda: session)
            monkeypatch.setattr(
                google.auth.transport.requests.AuthorizedSession,
                "__new__",
                __get_client_session
            )
            monkeypatch.setattr(
>               pub_sub.Managers.PubSubAuthManager,
                ^^^^^^^^^^^^^^^^
                "AuthorizedSession",
                __get_client_session
            )
E           AttributeError: 'Product' object has no attribute 'Managers'

tests/conftest.py:77: AttributeError
=========================== short test summary info ============================
ERROR tests/test_defaults/test_imports.py::test_imports - AttributeError: 'Pr...
ERROR tests/test_ping.py::TestPing::test_success - AttributeError: 'Product' ...
ERROR tests/test_ping.py::TestPing::test_without_creds - AttributeError: 'Pro...
ERROR tests/test_ping.py::TestPing::test_invalid_email - AttributeError: 'Pro...
ERROR tests/test_pubsub_connector.py::TestTestRun::test_connector_test_run_no_messages
ERROR tests/test_pubsub_connector.py::TestConnectorExternalContext::test_connector_test_run_with_messages_no_context
ERROR tests/test_pubsub_connector.py::TestConnectorExternalContext::test_connector_run_with_messages_ids
ERROR tests/test_pubsub_connector.py::TestConnectorExternalContext::test_connector_run_with_messages_ids_and_non_json
============================== 8 errors in 0.11s ===============================
