warning: `VIRTUAL_ENV=/Users/haggit/PycharmProjects/marketplace/packages/mp/.venv` does not match the project environment path `.venv` and will be ignored; use `--active` to target the active environment instead
============================= test session starts ==============================
platform darwin -- Python 3.11.9, pytest-9.1.0, pluggy-1.6.0
rootdir: /Users/haggit/PycharmProjects/marketplace/content/response_integrations/batch4_jetski7/vertex_ai
configfile: pyproject.toml
plugins: anyio-4.14.0, mock-3.15.1, json-report-1.5.0, metadata-3.1.1
collected 23 items

tests/test_actions/test_publisher_name.py EE                             [  8%]
tests/test_analyze_eml/test_analyze_eml.py EEEE                          [ 26%]
tests/test_defaults/test_imports.py E                                    [ 30%]
tests/test_describe_entity/test_describe_entity.py EEE                   [ 43%]
tests/test_execute_prompt/test_execute_prompt.py EEEE                    [ 60%]
tests/test_manager.py EE                                                 [ 69%]
tests/test_ping.py EEE                                                   [ 82%]
tests/test_transform_data/test_transform_data.py EEEE                    [100%]

==================================== ERRORS ====================================
___________ ERROR at setup of test_configure_initial_publisher_name ____________

mocker = <pytest_mock.plugin.MockerFixture object at 0x10ad18410>
monkeypatch = <_pytest.monkeypatch.MonkeyPatch object at 0x10ac95850>

    @pytest.fixture(autouse=True)
    def vertexai_script_session(
        mocker,
        monkeypatch: pytest.MonkeyPatch,
    ) -> ApiSession:
        """Mock Vertex AI session and get back an object to view request history"""
        session = ApiSession()
        # pylint: disable=protected-access
        session._auth_request = session.credentials = mocker.Mock()
        if not use_live_api():
            monkeypatch.setattr(requests, "Session", lambda: session)
            monkeypatch.setattr(
                google.auth.transport.requests.AuthorizedSession,
                "__new__",
                lambda *args, **kwargs: session
            )
            monkeypatch.setattr(
>               vertex_ai.Managers.VertexAIAuthManager,
                ^^^^^^^^^^^^^^^^^^
                "AuthorizedSession",
                lambda *args, **kwargs: session
            )
E           AttributeError: module 'vertex_ai' has no attribute 'Managers'

tests/conftest.py:79: AttributeError
________ ERROR at setup of test_with_provided_publisher_name_in_action _________

mocker = <pytest_mock.plugin.MockerFixture object at 0x10ad26410>
monkeypatch = <_pytest.monkeypatch.MonkeyPatch object at 0x10ad275d0>

    @pytest.fixture(autouse=True)
    def vertexai_script_session(
        mocker,
        monkeypatch: pytest.MonkeyPatch,
    ) -> ApiSession:
        """Mock Vertex AI session and get back an object to view request history"""
        session = ApiSession()
        # pylint: disable=protected-access
        session._auth_request = session.credentials = mocker.Mock()
        if not use_live_api():
            monkeypatch.setattr(requests, "Session", lambda: session)
            monkeypatch.setattr(
                google.auth.transport.requests.AuthorizedSession,
                "__new__",
                lambda *args, **kwargs: session
            )
            monkeypatch.setattr(
>               vertex_ai.Managers.VertexAIAuthManager,
                ^^^^^^^^^^^^^^^^^^
                "AuthorizedSession",
                lambda *args, **kwargs: session
            )
E           AttributeError: module 'vertex_ai' has no attribute 'Managers'

tests/conftest.py:79: AttributeError
________________ ERROR at setup of TestAuth.test_without_creds _________________

mocker = <pytest_mock.plugin.MockerFixture object at 0x10acaea50>
monkeypatch = <_pytest.monkeypatch.MonkeyPatch object at 0x10acae350>

    @pytest.fixture(autouse=True)
    def vertexai_script_session(
        mocker,
        monkeypatch: pytest.MonkeyPatch,
    ) -> ApiSession:
        """Mock Vertex AI session and get back an object to view request history"""
        session = ApiSession()
        # pylint: disable=protected-access
        session._auth_request = session.credentials = mocker.Mock()
        if not use_live_api():
            monkeypatch.setattr(requests, "Session", lambda: session)
            monkeypatch.setattr(
                google.auth.transport.requests.AuthorizedSession,
                "__new__",
                lambda *args, **kwargs: session
            )
            monkeypatch.setattr(
>               vertex_ai.Managers.VertexAIAuthManager,
                ^^^^^^^^^^^^^^^^^^
                "AuthorizedSession",
                lambda *args, **kwargs: session
            )
E           AttributeError: module 'vertex_ai' has no attribute 'Managers'

tests/conftest.py:79: AttributeError
________________ ERROR at setup of TestAuth.test_invalid_email _________________

mocker = <pytest_mock.plugin.MockerFixture object at 0x10acb9410>
monkeypatch = <_pytest.monkeypatch.MonkeyPatch object at 0x10ad19fd0>

    @pytest.fixture(autouse=True)
    def vertexai_script_session(
        mocker,
        monkeypatch: pytest.MonkeyPatch,
    ) -> ApiSession:
        """Mock Vertex AI session and get back an object to view request history"""
        session = ApiSession()
        # pylint: disable=protected-access
        session._auth_request = session.credentials = mocker.Mock()
        if not use_live_api():
            monkeypatch.setattr(requests, "Session", lambda: session)
            monkeypatch.setattr(
                google.auth.transport.requests.AuthorizedSession,
                "__new__",
                lambda *args, **kwargs: session
            )
            monkeypatch.setattr(
>               vertex_ai.Managers.VertexAIAuthManager,
                ^^^^^^^^^^^^^^^^^^
                "AuthorizedSession",
                lambda *args, **kwargs: session
            )
E           AttributeError: module 'vertex_ai' has no attribute 'Managers'

tests/conftest.py:79: AttributeError
________________ ERROR at setup of TestValid.test_invalid_files ________________

mocker = <pytest_mock.plugin.MockerFixture object at 0x10acf46d0>
monkeypatch = <_pytest.monkeypatch.MonkeyPatch object at 0x10acf7ad0>

    @pytest.fixture(autouse=True)
    def vertexai_script_session(
        mocker,
        monkeypatch: pytest.MonkeyPatch,
    ) -> ApiSession:
        """Mock Vertex AI session and get back an object to view request history"""
        session = ApiSession()
        # pylint: disable=protected-access
        session._auth_request = session.credentials = mocker.Mock()
        if not use_live_api():
            monkeypatch.setattr(requests, "Session", lambda: session)
            monkeypatch.setattr(
                google.auth.transport.requests.AuthorizedSession,
                "__new__",
                lambda *args, **kwargs: session
            )
            monkeypatch.setattr(
>               vertex_ai.Managers.VertexAIAuthManager,
                ^^^^^^^^^^^^^^^^^^
                "AuthorizedSession",
                lambda *args, **kwargs: session
            )
E           AttributeError: module 'vertex_ai' has no attribute 'Managers'

tests/conftest.py:79: AttributeError
_____________ ERROR at setup of TestValid.test_valid_invalid_files _____________

mocker = <pytest_mock.plugin.MockerFixture object at 0x109972b50>
monkeypatch = <_pytest.monkeypatch.MonkeyPatch object at 0x10acfeb50>

    @pytest.fixture(autouse=True)
    def vertexai_script_session(
        mocker,
        monkeypatch: pytest.MonkeyPatch,
    ) -> ApiSession:
        """Mock Vertex AI session and get back an object to view request history"""
        session = ApiSession()
        # pylint: disable=protected-access
        session._auth_request = session.credentials = mocker.Mock()
        if not use_live_api():
            monkeypatch.setattr(requests, "Session", lambda: session)
            monkeypatch.setattr(
                google.auth.transport.requests.AuthorizedSession,
                "__new__",
                lambda *args, **kwargs: session
            )
            monkeypatch.setattr(
>               vertex_ai.Managers.VertexAIAuthManager,
                ^^^^^^^^^^^^^^^^^^
                "AuthorizedSession",
                lambda *args, **kwargs: session
            )
E           AttributeError: module 'vertex_ai' has no attribute 'Managers'

tests/conftest.py:79: AttributeError
________________________ ERROR at setup of test_imports ________________________

mocker = <pytest_mock.plugin.MockerFixture object at 0x10ad425d0>
monkeypatch = <_pytest.monkeypatch.MonkeyPatch object at 0x10ad40310>

    @pytest.fixture(autouse=True)
    def vertexai_script_session(
        mocker,
        monkeypatch: pytest.MonkeyPatch,
    ) -> ApiSession:
        """Mock Vertex AI session and get back an object to view request history"""
        session = ApiSession()
        # pylint: disable=protected-access
        session._auth_request = session.credentials = mocker.Mock()
        if not use_live_api():
            monkeypatch.setattr(requests, "Session", lambda: session)
            monkeypatch.setattr(
                google.auth.transport.requests.AuthorizedSession,
                "__new__",
                lambda *args, **kwargs: session
            )
            monkeypatch.setattr(
>               vertex_ai.Managers.VertexAIAuthManager,
                ^^^^^^^^^^^^^^^^^^
                "AuthorizedSession",
                lambda *args, **kwargs: session
            )
E           AttributeError: module 'vertex_ai' has no attribute 'Managers'

tests/conftest.py:79: AttributeError
________________ ERROR at setup of TestAuth.test_without_creds _________________

mocker = <pytest_mock.plugin.MockerFixture object at 0x10ad30550>
monkeypatch = <_pytest.monkeypatch.MonkeyPatch object at 0x10ad31310>

    @pytest.fixture(autouse=True)
    def vertexai_script_session(
        mocker,
        monkeypatch: pytest.MonkeyPatch,
    ) -> ApiSession:
        """Mock Vertex AI session and get back an object to view request history"""
        session = ApiSession()
        # pylint: disable=protected-access
        session._auth_request = session.credentials = mocker.Mock()
        if not use_live_api():
            monkeypatch.setattr(requests, "Session", lambda: session)
            monkeypatch.setattr(
                google.auth.transport.requests.AuthorizedSession,
                "__new__",
                lambda *args, **kwargs: session
            )
            monkeypatch.setattr(
>               vertex_ai.Managers.VertexAIAuthManager,
                ^^^^^^^^^^^^^^^^^^
                "AuthorizedSession",
                lambda *args, **kwargs: session
            )
E           AttributeError: module 'vertex_ai' has no attribute 'Managers'

tests/conftest.py:79: AttributeError
________________ ERROR at setup of TestAuth.test_invalid_email _________________

mocker = <pytest_mock.plugin.MockerFixture object at 0x10ad33590>
monkeypatch = <_pytest.monkeypatch.MonkeyPatch object at 0x1093d6510>

    @pytest.fixture(autouse=True)
    def vertexai_script_session(
        mocker,
        monkeypatch: pytest.MonkeyPatch,
    ) -> ApiSession:
        """Mock Vertex AI session and get back an object to view request history"""
        session = ApiSession()
        # pylint: disable=protected-access
        session._auth_request = session.credentials = mocker.Mock()
        if not use_live_api():
            monkeypatch.setattr(requests, "Session", lambda: session)
            monkeypatch.setattr(
                google.auth.transport.requests.AuthorizedSession,
                "__new__",
                lambda *args, **kwargs: session
            )
            monkeypatch.setattr(
>               vertex_ai.Managers.VertexAIAuthManager,
                ^^^^^^^^^^^^^^^^^^
                "AuthorizedSession",
                lambda *args, **kwargs: session
            )
E           AttributeError: module 'vertex_ai' has no attribute 'Managers'

tests/conftest.py:79: AttributeError
__________________ ERROR at setup of TestValid.test_valid_run __________________

mocker = <pytest_mock.plugin.MockerFixture object at 0x10ad470d0>
monkeypatch = <_pytest.monkeypatch.MonkeyPatch object at 0x10ad320d0>

    @pytest.fixture(autouse=True)
    def vertexai_script_session(
        mocker,
        monkeypatch: pytest.MonkeyPatch,
    ) -> ApiSession:
        """Mock Vertex AI session and get back an object to view request history"""
        session = ApiSession()
        # pylint: disable=protected-access
        session._auth_request = session.credentials = mocker.Mock()
        if not use_live_api():
            monkeypatch.setattr(requests, "Session", lambda: session)
            monkeypatch.setattr(
                google.auth.transport.requests.AuthorizedSession,
                "__new__",
                lambda *args, **kwargs: session
            )
            monkeypatch.setattr(
>               vertex_ai.Managers.VertexAIAuthManager,
                ^^^^^^^^^^^^^^^^^^
                "AuthorizedSession",
                lambda *args, **kwargs: session
            )
E           AttributeError: module 'vertex_ai' has no attribute 'Managers'

tests/conftest.py:79: AttributeError
________________ ERROR at setup of TestAuth.test_without_creds _________________

mocker = <pytest_mock.plugin.MockerFixture object at 0x10acbb310>
monkeypatch = <_pytest.monkeypatch.MonkeyPatch object at 0x10acba9d0>

    @pytest.fixture(autouse=True)
    def vertexai_script_session(
        mocker,
        monkeypatch: pytest.MonkeyPatch,
    ) -> ApiSession:
        """Mock Vertex AI session and get back an object to view request history"""
        session = ApiSession()
        # pylint: disable=protected-access
        session._auth_request = session.credentials = mocker.Mock()
        if not use_live_api():
            monkeypatch.setattr(requests, "Session", lambda: session)
            monkeypatch.setattr(
                google.auth.transport.requests.AuthorizedSession,
                "__new__",
                lambda *args, **kwargs: session
            )
            monkeypatch.setattr(
>               vertex_ai.Managers.VertexAIAuthManager,
                ^^^^^^^^^^^^^^^^^^
                "AuthorizedSession",
                lambda *args, **kwargs: session
            )
E           AttributeError: module 'vertex_ai' has no attribute 'Managers'

tests/conftest.py:79: AttributeError
________________ ERROR at setup of TestAuth.test_invalid_email _________________

mocker = <pytest_mock.plugin.MockerFixture object at 0x10ad5a490>
monkeypatch = <_pytest.monkeypatch.MonkeyPatch object at 0x10acbaf90>

    @pytest.fixture(autouse=True)
    def vertexai_script_session(
        mocker,
        monkeypatch: pytest.MonkeyPatch,
    ) -> ApiSession:
        """Mock Vertex AI session and get back an object to view request history"""
        session = ApiSession()
        # pylint: disable=protected-access
        session._auth_request = session.credentials = mocker.Mock()
        if not use_live_api():
            monkeypatch.setattr(requests, "Session", lambda: session)
            monkeypatch.setattr(
                google.auth.transport.requests.AuthorizedSession,
                "__new__",
                lambda *args, **kwargs: session
            )
            monkeypatch.setattr(
>               vertex_ai.Managers.VertexAIAuthManager,
                ^^^^^^^^^^^^^^^^^^
                "AuthorizedSession",
                lambda *args, **kwargs: session
            )
E           AttributeError: module 'vertex_ai' has no attribute 'Managers'

tests/conftest.py:79: AttributeError
_________________ ERROR at setup of TestValid.test_token_count _________________

mocker = <pytest_mock.plugin.MockerFixture object at 0x10ad1b310>
monkeypatch = <_pytest.monkeypatch.MonkeyPatch object at 0x10ad1ae10>

    @pytest.fixture(autouse=True)
    def vertexai_script_session(
        mocker,
        monkeypatch: pytest.MonkeyPatch,
    ) -> ApiSession:
        """Mock Vertex AI session and get back an object to view request history"""
        session = ApiSession()
        # pylint: disable=protected-access
        session._auth_request = session.credentials = mocker.Mock()
        if not use_live_api():
            monkeypatch.setattr(requests, "Session", lambda: session)
            monkeypatch.setattr(
                google.auth.transport.requests.AuthorizedSession,
                "__new__",
                lambda *args, **kwargs: session
            )
            monkeypatch.setattr(
>               vertex_ai.Managers.VertexAIAuthManager,
                ^^^^^^^^^^^^^^^^^^
                "AuthorizedSession",
                lambda *args, **kwargs: session
            )
E           AttributeError: module 'vertex_ai' has no attribute 'Managers'

tests/conftest.py:79: AttributeError
__________________ ERROR at setup of TestValid.test_valid_run __________________

mocker = <pytest_mock.plugin.MockerFixture object at 0x10ad0a1d0>
monkeypatch = <_pytest.monkeypatch.MonkeyPatch object at 0x10ad18a10>

    @pytest.fixture(autouse=True)
    def vertexai_script_session(
        mocker,
        monkeypatch: pytest.MonkeyPatch,
    ) -> ApiSession:
        """Mock Vertex AI session and get back an object to view request history"""
        session = ApiSession()
        # pylint: disable=protected-access
        session._auth_request = session.credentials = mocker.Mock()
        if not use_live_api():
            monkeypatch.setattr(requests, "Session", lambda: session)
            monkeypatch.setattr(
                google.auth.transport.requests.AuthorizedSession,
                "__new__",
                lambda *args, **kwargs: session
            )
            monkeypatch.setattr(
>               vertex_ai.Managers.VertexAIAuthManager,
                ^^^^^^^^^^^^^^^^^^
                "AuthorizedSession",
                lambda *args, **kwargs: session
            )
E           AttributeError: module 'vertex_ai' has no attribute 'Managers'

tests/conftest.py:79: AttributeError
______________ ERROR at setup of TestApiManager.test_count_tokens ______________

mocker = <pytest_mock.plugin.MockerFixture object at 0x10ad5e5d0>
monkeypatch = <_pytest.monkeypatch.MonkeyPatch object at 0x10ad5da90>

    @pytest.fixture(autouse=True)
    def vertexai_script_session(
        mocker,
        monkeypatch: pytest.MonkeyPatch,
    ) -> ApiSession:
        """Mock Vertex AI session and get back an object to view request history"""
        session = ApiSession()
        # pylint: disable=protected-access
        session._auth_request = session.credentials = mocker.Mock()
        if not use_live_api():
            monkeypatch.setattr(requests, "Session", lambda: session)
            monkeypatch.setattr(
                google.auth.transport.requests.AuthorizedSession,
                "__new__",
                lambda *args, **kwargs: session
            )
            monkeypatch.setattr(
>               vertex_ai.Managers.VertexAIAuthManager,
                ^^^^^^^^^^^^^^^^^^
                "AuthorizedSession",
                lambda *args, **kwargs: session
            )
E           AttributeError: module 'vertex_ai' has no attribute 'Managers'

tests/conftest.py:79: AttributeError
____________ ERROR at setup of TestApiManager.test_generate_content ____________

mocker = <pytest_mock.plugin.MockerFixture object at 0x10ad81c90>
monkeypatch = <_pytest.monkeypatch.MonkeyPatch object at 0x10ad31650>

    @pytest.fixture(autouse=True)
    def vertexai_script_session(
        mocker,
        monkeypatch: pytest.MonkeyPatch,
    ) -> ApiSession:
        """Mock Vertex AI session and get back an object to view request history"""
        session = ApiSession()
        # pylint: disable=protected-access
        session._auth_request = session.credentials = mocker.Mock()
        if not use_live_api():
            monkeypatch.setattr(requests, "Session", lambda: session)
            monkeypatch.setattr(
                google.auth.transport.requests.AuthorizedSession,
                "__new__",
                lambda *args, **kwargs: session
            )
            monkeypatch.setattr(
>               vertex_ai.Managers.VertexAIAuthManager,
                ^^^^^^^^^^^^^^^^^^
                "AuthorizedSession",
                lambda *args, **kwargs: session
            )
E           AttributeError: module 'vertex_ai' has no attribute 'Managers'

tests/conftest.py:79: AttributeError
___________________ ERROR at setup of TestPing.test_success ____________________

mocker = <pytest_mock.plugin.MockerFixture object at 0x10acc7750>
monkeypatch = <_pytest.monkeypatch.MonkeyPatch object at 0x10acc6950>

    @pytest.fixture(autouse=True)
    def vertexai_script_session(
        mocker,
        monkeypatch: pytest.MonkeyPatch,
    ) -> ApiSession:
        """Mock Vertex AI session and get back an object to view request history"""
        session = ApiSession()
        # pylint: disable=protected-access
        session._auth_request = session.credentials = mocker.Mock()
        if not use_live_api():
            monkeypatch.setattr(requests, "Session", lambda: session)
            monkeypatch.setattr(
                google.auth.transport.requests.AuthorizedSession,
                "__new__",
                lambda *args, **kwargs: session
            )
            monkeypatch.setattr(
>               vertex_ai.Managers.VertexAIAuthManager,
                ^^^^^^^^^^^^^^^^^^
                "AuthorizedSession",
                lambda *args, **kwargs: session
            )
E           AttributeError: module 'vertex_ai' has no attribute 'Managers'

tests/conftest.py:79: AttributeError
________________ ERROR at setup of TestPing.test_without_creds _________________

mocker = <pytest_mock.plugin.MockerFixture object at 0x10acb89d0>
monkeypatch = <_pytest.monkeypatch.MonkeyPatch object at 0x10acc43d0>

    @pytest.fixture(autouse=True)
    def vertexai_script_session(
        mocker,
        monkeypatch: pytest.MonkeyPatch,
    ) -> ApiSession:
        """Mock Vertex AI session and get back an object to view request history"""
        session = ApiSession()
        # pylint: disable=protected-access
        session._auth_request = session.credentials = mocker.Mock()
        if not use_live_api():
            monkeypatch.setattr(requests, "Session", lambda: session)
            monkeypatch.setattr(
                google.auth.transport.requests.AuthorizedSession,
                "__new__",
                lambda *args, **kwargs: session
            )
            monkeypatch.setattr(
>               vertex_ai.Managers.VertexAIAuthManager,
                ^^^^^^^^^^^^^^^^^^
                "AuthorizedSession",
                lambda *args, **kwargs: session
            )
E           AttributeError: module 'vertex_ai' has no attribute 'Managers'

tests/conftest.py:79: AttributeError
________________ ERROR at setup of TestPing.test_invalid_email _________________

mocker = <pytest_mock.plugin.MockerFixture object at 0x10acaeb90>
monkeypatch = <_pytest.monkeypatch.MonkeyPatch object at 0x10acc40d0>

    @pytest.fixture(autouse=True)
    def vertexai_script_session(
        mocker,
        monkeypatch: pytest.MonkeyPatch,
    ) -> ApiSession:
        """Mock Vertex AI session and get back an object to view request history"""
        session = ApiSession()
        # pylint: disable=protected-access
        session._auth_request = session.credentials = mocker.Mock()
        if not use_live_api():
            monkeypatch.setattr(requests, "Session", lambda: session)
            monkeypatch.setattr(
                google.auth.transport.requests.AuthorizedSession,
                "__new__",
                lambda *args, **kwargs: session
            )
            monkeypatch.setattr(
>               vertex_ai.Managers.VertexAIAuthManager,
                ^^^^^^^^^^^^^^^^^^
                "AuthorizedSession",
                lambda *args, **kwargs: session
            )
E           AttributeError: module 'vertex_ai' has no attribute 'Managers'

tests/conftest.py:79: AttributeError
________________ ERROR at setup of TestAuth.test_without_creds _________________

mocker = <pytest_mock.plugin.MockerFixture object at 0x10ad5ff90>
monkeypatch = <_pytest.monkeypatch.MonkeyPatch object at 0x10ad5e190>

    @pytest.fixture(autouse=True)
    def vertexai_script_session(
        mocker,
        monkeypatch: pytest.MonkeyPatch,
    ) -> ApiSession:
        """Mock Vertex AI session and get back an object to view request history"""
        session = ApiSession()
        # pylint: disable=protected-access
        session._auth_request = session.credentials = mocker.Mock()
        if not use_live_api():
            monkeypatch.setattr(requests, "Session", lambda: session)
            monkeypatch.setattr(
                google.auth.transport.requests.AuthorizedSession,
                "__new__",
                lambda *args, **kwargs: session
            )
            monkeypatch.setattr(
>               vertex_ai.Managers.VertexAIAuthManager,
                ^^^^^^^^^^^^^^^^^^
                "AuthorizedSession",
                lambda *args, **kwargs: session
            )
E           AttributeError: module 'vertex_ai' has no attribute 'Managers'

tests/conftest.py:79: AttributeError
________________ ERROR at setup of TestAuth.test_invalid_email _________________

mocker = <pytest_mock.plugin.MockerFixture object at 0x10ad456d0>
monkeypatch = <_pytest.monkeypatch.MonkeyPatch object at 0x10acfd190>

    @pytest.fixture(autouse=True)
    def vertexai_script_session(
        mocker,
        monkeypatch: pytest.MonkeyPatch,
    ) -> ApiSession:
        """Mock Vertex AI session and get back an object to view request history"""
        session = ApiSession()
        # pylint: disable=protected-access
        session._auth_request = session.credentials = mocker.Mock()
        if not use_live_api():
            monkeypatch.setattr(requests, "Session", lambda: session)
            monkeypatch.setattr(
                google.auth.transport.requests.AuthorizedSession,
                "__new__",
                lambda *args, **kwargs: session
            )
            monkeypatch.setattr(
>               vertex_ai.Managers.VertexAIAuthManager,
                ^^^^^^^^^^^^^^^^^^
                "AuthorizedSession",
                lambda *args, **kwargs: session
            )
E           AttributeError: module 'vertex_ai' has no attribute 'Managers'

tests/conftest.py:79: AttributeError
____________________ ERROR at setup of TestValid.test_valid ____________________

mocker = <pytest_mock.plugin.MockerFixture object at 0x109ac6090>
monkeypatch = <_pytest.monkeypatch.MonkeyPatch object at 0x10ad46c10>

    @pytest.fixture(autouse=True)
    def vertexai_script_session(
        mocker,
        monkeypatch: pytest.MonkeyPatch,
    ) -> ApiSession:
        """Mock Vertex AI session and get back an object to view request history"""
        session = ApiSession()
        # pylint: disable=protected-access
        session._auth_request = session.credentials = mocker.Mock()
        if not use_live_api():
            monkeypatch.setattr(requests, "Session", lambda: session)
            monkeypatch.setattr(
                google.auth.transport.requests.AuthorizedSession,
                "__new__",
                lambda *args, **kwargs: session
            )
            monkeypatch.setattr(
>               vertex_ai.Managers.VertexAIAuthManager,
                ^^^^^^^^^^^^^^^^^^
                "AuthorizedSession",
                lambda *args, **kwargs: session
            )
E           AttributeError: module 'vertex_ai' has no attribute 'Managers'

tests/conftest.py:79: AttributeError
________________ ERROR at setup of TestValid.test_invalid_json _________________

mocker = <pytest_mock.plugin.MockerFixture object at 0x109abcdd0>
monkeypatch = <_pytest.monkeypatch.MonkeyPatch object at 0x109ac5dd0>

    @pytest.fixture(autouse=True)
    def vertexai_script_session(
        mocker,
        monkeypatch: pytest.MonkeyPatch,
    ) -> ApiSession:
        """Mock Vertex AI session and get back an object to view request history"""
        session = ApiSession()
        # pylint: disable=protected-access
        session._auth_request = session.credentials = mocker.Mock()
        if not use_live_api():
            monkeypatch.setattr(requests, "Session", lambda: session)
            monkeypatch.setattr(
                google.auth.transport.requests.AuthorizedSession,
                "__new__",
                lambda *args, **kwargs: session
            )
            monkeypatch.setattr(
>               vertex_ai.Managers.VertexAIAuthManager,
                ^^^^^^^^^^^^^^^^^^
                "AuthorizedSession",
                lambda *args, **kwargs: session
            )
E           AttributeError: module 'vertex_ai' has no attribute 'Managers'

tests/conftest.py:79: AttributeError
=========================== short test summary info ============================
ERROR tests/test_actions/test_publisher_name.py::test_configure_initial_publisher_name
ERROR tests/test_actions/test_publisher_name.py::test_with_provided_publisher_name_in_action
ERROR tests/test_analyze_eml/test_analyze_eml.py::TestAuth::test_without_creds
ERROR tests/test_analyze_eml/test_analyze_eml.py::TestAuth::test_invalid_email
ERROR tests/test_analyze_eml/test_analyze_eml.py::TestValid::test_invalid_files
ERROR tests/test_analyze_eml/test_analyze_eml.py::TestValid::test_valid_invalid_files
ERROR tests/test_defaults/test_imports.py::test_imports - AttributeError: mod...
ERROR tests/test_describe_entity/test_describe_entity.py::TestAuth::test_without_creds
ERROR tests/test_describe_entity/test_describe_entity.py::TestAuth::test_invalid_email
ERROR tests/test_describe_entity/test_describe_entity.py::TestValid::test_valid_run
ERROR tests/test_execute_prompt/test_execute_prompt.py::TestAuth::test_without_creds
ERROR tests/test_execute_prompt/test_execute_prompt.py::TestAuth::test_invalid_email
ERROR tests/test_execute_prompt/test_execute_prompt.py::TestValid::test_token_count
ERROR tests/test_execute_prompt/test_execute_prompt.py::TestValid::test_valid_run
ERROR tests/test_manager.py::TestApiManager::test_count_tokens - AttributeErr...
ERROR tests/test_manager.py::TestApiManager::test_generate_content - Attribut...
ERROR tests/test_ping.py::TestPing::test_success - AttributeError: module 've...
ERROR tests/test_ping.py::TestPing::test_without_creds - AttributeError: modu...
ERROR tests/test_ping.py::TestPing::test_invalid_email - AttributeError: modu...
ERROR tests/test_transform_data/test_transform_data.py::TestAuth::test_without_creds
ERROR tests/test_transform_data/test_transform_data.py::TestAuth::test_invalid_email
ERROR tests/test_transform_data/test_transform_data.py::TestValid::test_valid
ERROR tests/test_transform_data/test_transform_data.py::TestValid::test_invalid_json
============================== 23 errors in 0.23s ==============================
